<?xml version="1.0" encoding="UTF-8"?>
<!-- Generated by org.testng.reporters.JUnitXMLReporter -->
<testsuite hostname="btklinh" ignored="0" name="Run on Chrome" tests="1" failures="1" timestamp="09 May 2022 10:50:31 GMT" time="21.074" errors="0">
  <testcase name="TC_06_Verify_Cart_Grandtotal_Price" time="13.238" classname="com.techpanda.cart.TC_02_Add_Product_From_Product_List">
    <failure type="java.lang.AssertionError" message="expected [1315.0] but found [1249.25]">
      <![CDATA[java.lang.AssertionError: expected [1315.0] but found [1249.25]
at com.techpanda.cart.TC_02_Add_Product_From_Product_List.TC_06_Verify_Cart_Grandtotal_Price(TC_02_Add_Product_From_Product_List.java:235)
... Removed 30 stack frames]]>
    </failure>
  </testcase> <!-- TC_06_Verify_Cart_Grandtotal_Price -->
</testsuite> <!-- Run on Chrome -->
