<?xml version="1.0" encoding="UTF-8"?>
<!-- Generated by org.testng.reporters.JUnitReportReporter -->
<testsuite skipped="0" hostname="btklinh" name="com.techpanda.page.TC_01_Header" tests="5" failures="1" timestamp="23 May 2022 03:23:42 GMT" time="10.941" errors="0">
  <testcase name="TC_07_Verify_Header_My_Shopping_Cart_Blank" time="1.170" classname="com.techpanda.page.TC_01_Header"/>
  <testcase name="TC_08_Verify_Header_My_Shopping_Cart" time="4.547" classname="com.techpanda.page.TC_01_Header">
    <failure type="java.lang.AssertionError" message="expected [SHOPPING CART] but found [Shopping Cart]">
      <![CDATA[java.lang.AssertionError: expected [SHOPPING CART] but found [Shopping Cart]
at org.testng.Assert.fail(Assert.java:96)
at org.testng.Assert.failNotEquals(Assert.java:776)
at org.testng.Assert.assertEqualsImpl(Assert.java:137)
at org.testng.Assert.assertEquals(Assert.java:118)
at org.testng.Assert.assertEquals(Assert.java:442)
at commons.AbstractTest.checkEquals(AbstractTest.java:109)
at commons.AbstractTest.verifyEquals(AbstractTest.java:121)
at com.techpanda.page.TC_01_Header.TC_08_Verify_Header_My_Shopping_Cart(TC_01_Header.java:101)
at sun.reflect.NativeMethodAccessorImpl.invoke0(Native Method)
at sun.reflect.NativeMethodAccessorImpl.invoke(Unknown Source)
at sun.reflect.DelegatingMethodAccessorImpl.invoke(Unknown Source)
at java.lang.reflect.Method.invoke(Unknown Source)
at org.testng.internal.MethodInvocationHelper.invokeMethod(MethodInvocationHelper.java:124)
at org.testng.internal.Invoker.invokeMethod(Invoker.java:583)
at org.testng.internal.Invoker.invokeTestMethod(Invoker.java:719)
at org.testng.internal.Invoker.invokeTestMethods(Invoker.java:989)
at org.testng.internal.TestMethodWorker.invokeTestMethods(TestMethodWorker.java:125)
at org.testng.internal.TestMethodWorker.run(TestMethodWorker.java:109)
at org.testng.TestRunner.privateRun(TestRunner.java:648)
at org.testng.TestRunner.run(TestRunner.java:505)
at org.testng.SuiteRunner.runTest(SuiteRunner.java:455)
at org.testng.SuiteRunner.runSequentially(SuiteRunner.java:450)
at org.testng.SuiteRunner.privateRun(SuiteRunner.java:415)
at org.testng.SuiteRunner.run(SuiteRunner.java:364)
at org.testng.SuiteRunnerWorker.runSuite(SuiteRunnerWorker.java:52)
at org.testng.SuiteRunnerWorker.run(SuiteRunnerWorker.java:84)
at org.testng.TestNG.runSuitesSequentially(TestNG.java:1208)
at org.testng.TestNG.runSuitesLocally(TestNG.java:1137)
at org.testng.TestNG.runSuites(TestNG.java:1049)
at org.testng.TestNG.run(TestNG.java:1017)
at org.testng.remote.AbstractRemoteTestNG.run(AbstractRemoteTestNG.java:115)
at org.testng.remote.RemoteTestNG.initAndRun(RemoteTestNG.java:251)
at org.testng.remote.RemoteTestNG.main(RemoteTestNG.java:77)
]]>
    </failure>
  </testcase> <!-- TC_08_Verify_Header_My_Shopping_Cart -->
  <testcase name="TC_03_Verify_Header_My_Account_Page" time="3.334" classname="com.techpanda.page.TC_01_Header"/>
  <testcase name="TC_01_Verify_Header_Submenu_Account_Without_Login" time="0.425" classname="com.techpanda.page.TC_01_Header"/>
  <testcase name="TC_05_Verify_Header_My_Wishlist_Page" time="1.465" classname="com.techpanda.page.TC_01_Header"/>
</testsuite> <!-- com.techpanda.page.TC_01_Header -->
